■■■■■■■■■■■■■■■■■■■■■■■■■■■■■■■■■■■■■■■■■■■■■■■■■■■■■■■■■■■■■■■■■■■■■■■■■■■■■■■■■■■■■■■■■■■■■■■■■■■■
➜  priorities sudo ./container.sh 
[root@731a47df0af1 /]# cd src/

top - 22:50:03 up 11:05,  0 users,  load average: 0.83, 1.38, 1.51
Tasks:   2 total,   1 running,   1 sleeping,   0 stopped,   0 zombie
%Cpu(s):  1.7 us,  0.0 sy,  0.0 ni, 98.3 id,  0.0 wa,  0.0 hi,  0.0 si,  0.0 st
KiB Mem : 15714796 total,  3292612 free,  7810508 used,  4611676 buff/cache
KiB Swap:  2097148 total,  2096636 free,      512 used.  7206016 avail Mem 

    PID USER      PR  NI    VIRT    RES    SHR S  %CPU %MEM     TIME+ COMMAND
      1 root      20   0   11844   2980   2596 S   0.0  0.0   0:00.02 bash
     92 root      20   0   56068   3704   3320 R   0.0  0.0   0:00.00 top




■■■■■■■■■■■■■■■■■■■■■■■■■■■■■■■■■■■■■■■■■■■■■■■■■■■■■■■■■■■■■■■■■■■■■■■■■■■■■■■■■■■■■■■■■■■■■■■■■■■■
[root@731a47df0af1 src]# ./spin.sh & ./spin.sh &
[1] 93
[2] 94

top - 22:51:58 up 11:07,  0 users,  load average: 2.32, 1.65, 1.58
Tasks:   4 total,   3 running,   1 sleeping,   0 stopped,   0 zombie
%Cpu(s): 18.5 us,  0.8 sy,  0.0 ni, 79.8 id,  0.0 wa,  0.0 hi,  0.8 si,  0.0 st
KiB Mem : 15714796 total,  3251144 free,  7851088 used,  4612564 buff/cache
KiB Swap:  2097148 total,  2096636 free,      512 used.  7165168 avail Mem 

    PID USER      PR  NI    VIRT    RES    SHR S  %CPU %MEM     TIME+ COMMAND
     93 root      20   0   11704   2560   2432 R  53.3  0.0   0:37.32 spin.sh
     94 root      20   0   11704   2624   2496 R  46.7  0.0   0:37.31 spin.sh
      1 root      20   0   11844   2980   2596 S   0.0  0.0   0:00.02 bash
    103 root      20   0   56068   3592   3208 R   0.0  0.0   0:00.00 top




■■■■■■■■■■■■■■■■■■■■■■■■■■■■■■■■■■■■■■■■■■■■■■■■■■■■■■■■■■■■■■■■■■■■■■■■■■■■■■■■■■■■■■■■■■■■■■■■■■■■
[root@731a47df0af1 src]# chrt -rr -p 30 93
[root@731a47df0af1 src]# chrt -rr -p 30 94

top - 22:54:25 up 11:09,  0 users,  load average: 1.34, 1.70, 1.62
Tasks:   4 total,   3 running,   1 sleeping,   0 stopped,   0 zombie
%Cpu(s): 14.3 us,  0.9 sy,  0.0 ni, 84.4 id,  0.0 wa,  0.0 hi,  0.4 si,  0.0 st
KiB Mem : 15714796 total,  3290976 free,  7813852 used,  4609968 buff/cache
KiB Swap:  2097148 total,  2096636 free,      512 used.  7205540 avail Mem 

    PID USER      PR  NI    VIRT    RES    SHR S  %CPU %MEM     TIME+ COMMAND
     94 root     -31   0   11704   2624   2496 R  50.0  0.0   1:43.96 spin.sh
     93 root     -31   0   11704   2560   2432 R  45.0  0.0   1:54.77 spin.sh
      1 root      20   0   11844   2980   2596 S   0.0  0.0   0:00.03 bash
    112 root      20   0   56068   3680   3296 R   0.0  0.0   0:00.00 top




■■■■■■■■■■■■■■■■■■■■■■■■■■■■■■■■■■■■■■■■■■■■■■■■■■■■■■■■■■■■■■■■■■■■■■■■■■■■■■■■■■■■■■■■■■■■■■■■■■■■
[root@731a47df0af1 src]# chrt -rr -p 50 94

top - 22:55:37 up 11:10,  0 users,  load average: 0.77, 1.46, 1.54
Tasks:   4 total,   3 running,   1 sleeping,   0 stopped,   0 zombie
%Cpu(s): 13.7 us,  0.4 sy,  0.0 ni, 85.4 id,  0.0 wa,  0.0 hi,  0.5 si,  0.0 st
KiB Mem : 15714796 total,  3204820 free,  7902812 used,  4607164 buff/cache
KiB Swap:  2097148 total,  2096636 free,      512 used.  7119652 avail Mem 

    PID USER      PR  NI    VIRT    RES    SHR S  %CPU %MEM     TIME+ COMMAND
     94 root     -51   0   11704   2624   2496 R  95.0  0.0   2:28.59 spin.sh
      1 root      20   0   11844   2980   2596 S   0.0  0.0   0:00.03 bash
     93 root     -31   0   11704   2560   2432 R   0.0  0.0   2:18.54 spin.sh
    116 root      20   0   56068   3764   3380 R   0.0  0.0   0:00.00 top




■■■■■■■■■■■■■■■■■■■■■■■■■■■■■■■■■■■■■■■■■■■■■■■■■■■■■■■■■■■■■■■■■■■■■■■■■■■■■■■■■■■■■■■■■■■■■■■■■■■■
[root@731a47df0af1 src]# chrt -rr -p 60 93

top - 22:56:14 up 11:11,  0 users,  load average: 0.72, 1.37, 1.51
Tasks:   4 total,   3 running,   1 sleeping,   0 stopped,   0 zombie
%Cpu(s): 15.5 us,  0.9 sy,  0.0 ni, 82.9 id,  0.0 wa,  0.0 hi,  0.8 si,  0.0 st
KiB Mem : 15714796 total,  3277036 free,  7830440 used,  4607320 buff/cache
KiB Swap:  2097148 total,  2096636 free,      512 used.  7192020 avail Mem 

    PID USER      PR  NI    VIRT    RES    SHR S  %CPU %MEM     TIME+ COMMAND
     93 root     -61   0   11704   2560   2432 R  95.0  0.0   2:28.99 spin.sh
      1 root      20   0   11844   2980   2596 S   0.0  0.0   0:00.03 bash
     94 root     -51   0   11704   2624   2496 R   0.0  0.0   2:53.29 spin.sh
    118 root      20   0   56068   3636   3252 R   0.0  0.0   0:00.00 top




■■■■■■■■■■■■■■■■■■■■■■■■■■■■■■■■■■■■■■■■■■■■■■■■■■■■■■■■■■■■■■■■■■■■■■■■■■■■■■■■■■■■■■■■■■■■■■■■■■■■
[root@504a3ac9d3df src]# chrt -f -p 30 21
[root@504a3ac9d3df src]# chrt -f -p 30 21

top - 07:52:12 up 20:07,  0 users,  load average: 5.23, 3.65, 2.18
Tasks:   6 total,   3 running,   3 sleeping,   0 stopped,   0 zombie
%Cpu(s): 17.5 us,  0.6 sy,  0.0 ni, 81.8 id,  0.0 wa,  0.0 hi,  0.1 si,  0.0 st
KiB Mem : 15714796 total,  2509416 free,  8192484 used,  5012896 buff/cache
KiB Swap:  2097148 total,  2096636 free,      512 used.  6811700 avail Mem 

    PID USER      PR  NI    VIRT    RES    SHR S  %CPU %MEM     TIME+ COMMAND
     21 root     -31   0   11704   2564   2436 R  95.0  0.0   3:53.50 spin.sh
      1 root      20   0   11844   2936   2552 S   0.0  0.0   0:00.02 bash
     20 root     -31   0   11704   2520   2392 R   0.0  0.0   3:17.29 spin.sh
     25 root      20   0   11844   2992   2608 S   0.0  0.0   0:00.00 bash
     45 root      20   0   56180   3800   3288 S   0.0  0.0   0:00.08 top
     51 root      20   0   56068   3652   3268 R   0.0  0.0   0:00.00 top
